<?xml version="1.0" encoding="UTF-8"?>
<testsuite name="agh.ics.oop.SimulationEngineTest" tests="2" skipped="0" failures="0" errors="0" timestamp="2021-12-10T20:06:45" hostname="DESKTOP-7AKKVQC" time="0.583">
  <properties/>
  <testcase name="grassFieldAnimalsMoveTest()" classname="agh.ics.oop.SimulationEngineTest" time="0.347"/>
  <testcase name="rectangularMapAnimalsMoveTest()" classname="agh.ics.oop.SimulationEngineTest" time="0.233"/>
  <system-out><![CDATA[Trawa zjedzona na pozycji (2,2)
Nowa trawa wyrosĹ‚a na pozycji (10,10)
[FORWARD, BACKWARD, RIGHT, LEFT, FORWARD, FORWARD, RIGHT, RIGHT, FORWARD, FORWARD, FORWARD, FORWARD, FORWARD, FORWARD, FORWARD, FORWARD]
Pozycja startowa
 y\x  1 2 3 4 5 6 7 8 910
 11: ---------------------
 10: |*| | | | | | | | |*|
  9: | | |*| | | | | | | |
  8: | | | | | | | | |*| |
  7: | | | | | | | | | | |
  6: | | | |*| | | | | | |
  5: | | | | | | | |*| | |
  4: | | |â–˛|*| | | | | | |
  3: | | | | | | |*| | | |
  2: | |â–˛| | | | | | | | |
  1: | | | | | |*| | |*| |
  0: ---------------------


1 Zwierzak idzie do przodu
 y\x  1 2 3 4 5 6 7 8 910
 11: ---------------------
 10: |*| | | | | | | | |*|
  9: | | |*| | | | | | | |
  8: | | | | | | | | |*| |
  7: | | | | | | | | | | |
  6: | | | |*| | | | | | |
  5: | | | | | | | |*| | |
  4: | | |â–˛|*| | | | | | |
  3: | |â–˛| | | | |*| | | |
  2: | | | | | | | | | | |
  1: | | | | | |*| | |*| |
  0: ---------------------


2 Zwierzak idzie do tyĹ‚u
 y\x  1 2 3 4 5 6 7 8 910
 11: ---------------------
 10: |*| | | | | | | | |*|
  9: | | |*| | | | | | | |
  8: | | | | | | | | |*| |
  7: | | | | | | | | | | |
  6: | | | |*| | | | | | |
  5: | | | | | | | |*| | |
  4: | | | |*| | | | | | |
  3: | |â–˛|â–˛| | | |*| | | |
  2: | | | | | | | | | | |
  1: | | | | | |*| | |*| |
  0: ---------------------


1 Zwierzak skrÄ™ca w prawo
 y\x  1 2 3 4 5 6 7 8 910
 11: ---------------------
 10: |*| | | | | | | | |*|
  9: | | |*| | | | | | | |
  8: | | | | | | | | |*| |
  7: | | | | | | | | | | |
  6: | | | |*| | | | | | |
  5: | | | | | | | |*| | |
  4: | | | |*| | | | | | |
  3: | |â–¶|â–˛| | | |*| | | |
  2: | | | | | | | | | | |
  1: | | | | | |*| | |*| |
  0: ---------------------


2 Zwierzak skrÄ™ca w lewo
 y\x  1 2 3 4 5 6 7 8 910
 11: ---------------------
 10: |*| | | | | | | | |*|
  9: | | |*| | | | | | | |
  8: | | | | | | | | |*| |
  7: | | | | | | | | | | |
  6: | | | |*| | | | | | |
  5: | | | | | | | |*| | |
  4: | | | |*| | | | | | |
  3: | |â–¶|â—€| | | |*| | | |
  2: | | | | | | | | | | |
  1: | | | | | |*| | |*| |
  0: ---------------------


1 Zwierzak idzie do przodu
 y\x  1 2 3 4 5 6 7 8 910
 11: ---------------------
 10: |*| | | | | | | | |*|
  9: | | |*| | | | | | | |
  8: | | | | | | | | |*| |
  7: | | | | | | | | | | |
  6: | | | |*| | | | | | |
  5: | | | | | | | |*| | |
  4: | | | |*| | | | | | |
  3: | |â–¶|â—€| | | |*| | | |
  2: | | | | | | | | | | |
  1: | | | | | |*| | |*| |
  0: ---------------------


2 Zwierzak idzie do przodu
 y\x  1 2 3 4 5 6 7 8 910
 11: ---------------------
 10: |*| | | | | | | | |*|
  9: | | |*| | | | | | | |
  8: | | | | | | | | |*| |
  7: | | | | | | | | | | |
  6: | | | |*| | | | | | |
  5: | | | | | | | |*| | |
  4: | | | |*| | | | | | |
  3: | |â–¶|â—€| | | |*| | | |
  2: | | | | | | | | | | |
  1: | | | | | |*| | |*| |
  0: ---------------------


1 Zwierzak skrÄ™ca w prawo
 y\x  1 2 3 4 5 6 7 8 910
 11: ---------------------
 10: |*| | | | | | | | |*|
  9: | | |*| | | | | | | |
  8: | | | | | | | | |*| |
  7: | | | | | | | | | | |
  6: | | | |*| | | | | | |
  5: | | | | | | | |*| | |
  4: | | | |*| | | | | | |
  3: | |â–Ľ|â—€| | | |*| | | |
  2: | | | | | | | | | | |
  1: | | | | | |*| | |*| |
  0: ---------------------


2 Zwierzak skrÄ™ca w prawo
 y\x  1 2 3 4 5 6 7 8 910
 11: ---------------------
 10: |*| | | | | | | | |*|
  9: | | |*| | | | | | | |
  8: | | | | | | | | |*| |
  7: | | | | | | | | | | |
  6: | | | |*| | | | | | |
  5: | | | | | | | |*| | |
  4: | | | |*| | | | | | |
  3: | |â–Ľ|â–˛| | | |*| | | |
  2: | | | | | | | | | | |
  1: | | | | | |*| | |*| |
  0: ---------------------


1 Zwierzak idzie do przodu
 y\x  1 2 3 4 5 6 7 8 910
 11: ---------------------
 10: |*| | | | | | | | |*|
  9: | | |*| | | | | | | |
  8: | | | | | | | | |*| |
  7: | | | | | | | | | | |
  6: | | | |*| | | | | | |
  5: | | | | | | | |*| | |
  4: | | | |*| | | | | | |
  3: | | |â–˛| | | |*| | | |
  2: | |â–Ľ| | | | | | | | |
  1: | | | | | |*| | |*| |
  0: ---------------------


2 Zwierzak idzie do przodu
 y\x  1 2 3 4 5 6 7 8 910
 11: ---------------------
 10: |*| | | | | | | | |*|
  9: | | |*| | | | | | | |
  8: | | | | | | | | |*| |
  7: | | | | | | | | | | |
  6: | | | |*| | | | | | |
  5: | | | | | | | |*| | |
  4: | | |â–˛|*| | | | | | |
  3: | | | | | | |*| | | |
  2: | |â–Ľ| | | | | | | | |
  1: | | | | | |*| | |*| |
  0: ---------------------


1 Zwierzak idzie do przodu
 y\x  1 2 3 4 5 6 7 8 910
 11: ---------------------
 10: |*| | | | | | | | |*|
  9: | | |*| | | | | | | |
  8: | | | | | | | | |*| |
  7: | | | | | | | | | | |
  6: | | | |*| | | | | | |
  5: | | | | | | | |*| | |
  4: | | |â–˛|*| | | | | | |
  3: | | | | | | |*| | | |
  2: | | | | | | | | | | |
  1: | |â–Ľ| | | |*| | |*| |
  0: ---------------------


2 Zwierzak idzie do przodu
 y\x  1 2 3 4 5 6 7 8 910
 11: ---------------------
 10: |*| | | | | | | | |*|
  9: | | |*| | | | | | | |
  8: | | | | | | | | |*| |
  7: | | | | | | | | | | |
  6: | | | |*| | | | | | |
  5: | | |â–˛| | | | |*| | |
  4: | | | |*| | | | | | |
  3: | | | | | | |*| | | |
  2: | | | | | | | | | | |
  1: | |â–Ľ| | | |*| | |*| |
  0: ---------------------


1 Zwierzak idzie do przodu
 y\x  1 2 3 4 5 6 7 8 910
 11: ---------------------
 10: |*| | | | | | | | |*|
  9: | | |*| | | | | | | |
  8: | | | | | | | | |*| |
  7: | | | | | | | | | | |
  6: | | | |*| | | | | | |
  5: | | |â–˛| | | | |*| | |
  4: | | | |*| | | | | | |
  3: | | | | | | |*| | | |
  2: | | | | | | | | | | |
  1: | | | | | |*| | |*| |
  0: | |â–Ľ| | | | | | | | |
 -1: ---------------------


2 Zwierzak idzie do przodu
 y\x  1 2 3 4 5 6 7 8 910
 11: ---------------------
 10: |*| | | | | | | | |*|
  9: | | |*| | | | | | | |
  8: | | | | | | | | |*| |
  7: | | | | | | | | | | |
  6: | | |â–˛|*| | | | | | |
  5: | | | | | | | |*| | |
  4: | | | |*| | | | | | |
  3: | | | | | | |*| | | |
  2: | | | | | | | | | | |
  1: | | | | | |*| | |*| |
  0: | |â–Ľ| | | | | | | | |
 -1: ---------------------


1 Zwierzak idzie do przodu
 y\x  1 2 3 4 5 6 7 8 910
 11: ---------------------
 10: |*| | | | | | | | |*|
  9: | | |*| | | | | | | |
  8: | | | | | | | | |*| |
  7: | | | | | | | | | | |
  6: | | |â–˛|*| | | | | | |
  5: | | | | | | | |*| | |
  4: | | | |*| | | | | | |
  3: | | | | | | |*| | | |
  2: | | | | | | | | | | |
  1: | | | | | |*| | |*| |
  0: | | | | | | | | | | |
 -1: | |â–Ľ| | | | | | | | |
 -2: ---------------------


2 Zwierzak idzie do przodu
 y\x  1 2 3 4 5 6 7 8 910
 11: ---------------------
 10: |*| | | | | | | | |*|
  9: | | |*| | | | | | | |
  8: | | | | | | | | |*| |
  7: | | |â–˛| | | | | | | |
  6: | | | |*| | | | | | |
  5: | | | | | | | |*| | |
  4: | | | |*| | | | | | |
  3: | | | | | | |*| | | |
  2: | | | | | | | | | | |
  1: | | | | | |*| | |*| |
  0: | | | | | | | | | | |
 -1: | |â–Ľ| | | | | | | | |
 -2: ---------------------


[FORWARD, FORWARD, FORWARD, FORWARD, RIGHT, RIGHT, FORWARD, FORWARD, BACKWARD, FORWARD, FORWARD, BACKWARD, FORWARD, FORWARD, BACKWARD, FORWARD, FORWARD, BACKWARD, LEFT, RIGHT, LEFT]
Pozycja startowa
 y\x  0 1 2 3 4 5 6 7 8 91011121314151617
 18: -------------------------------------
 17: | | | |*| | | | | |*| | | | | | | | |
 16: | | | |*|*| | | | | |*| | | | | | | |
 15: | | | |*| | | | | | | | | | | | | |*|
 14: | |*| | | | |*|*| | | | | |*|*| |*| |
 13: | | | | | | | | | | |*| | | | | | | |
 12: | | |*|*| | | | | | | | | | |*| | | |
 11: | | | | |*| | | | | | | | | | | | | |
 10: | | | | | | | | | | | | | |*| | | | |
  9: | | | | |*| | | | | | | | | | | | | |
  8: | | | | | | | | | | | | | | | | | | |
  7: | |*| | | | | | | | |*| |*| | | | | |
  6: | | | | | | | | | | | | |*| | | | | |
  5: | | | | | |â–˛| | | | | | | | | | | | |
  4: | |â–˛| | | | | | | |*| | | | | | | | |
  3: | | | | | | | | | |*| | | | | | | | |
  2: | | | | |â–˛| | |*| | | | | | | | | | |
  1: | | | | | | | | | | | | | | | | | | |
  0: |*|*| | | |*| | | | | | | | | | | | |
 -1: -------------------------------------


1 Zwierzak idzie do przodu
 y\x  0 1 2 3 4 5 6 7 8 91011121314151617
 18: -------------------------------------
 17: | | | |*| | | | | |*| | | | | | | | |
 16: | | | |*|*| | | | | |*| | | | | | | |
 15: | | | |*| | | | | | | | | | | | | |*|
 14: | |*| | | | |*|*| | | | | |*|*| |*| |
 13: | | | | | | | | | | |*| | | | | | | |
 12: | | |*|*| | | | | | | | | | |*| | | |
 11: | | | | |*| | | | | | | | | | | | | |
 10: | | | | | | | | | | | | | |*| | | | |
  9: | | | | |*| | | | | | | | | | | | | |
  8: | | | | | | | | | | | | | | | | | | |
  7: | |*| | | | | | | | |*| |*| | | | | |
  6: | | | | | | | | | | | | |*| | | | | |
  5: | | | | | |â–˛| | | | | | | | | | | | |
  4: | |â–˛| | | | | | | |*| | | | | | | | |
  3: | | | | |â–˛| | | | |*| | | | | | | | |
  2: | | | | | | | |*| | | | | | | | | | |
  1: | | | | | | | | | | | | | | | | | | |
  0: |*|*| | | |*| | | | | | | | | | | | |
 -1: -------------------------------------


2 Zwierzak idzie do przodu
 y\x  0 1 2 3 4 5 6 7 8 91011121314151617
 18: -------------------------------------
 17: | | | |*| | | | | |*| | | | | | | | |
 16: | | | |*|*| | | | | |*| | | | | | | |
 15: | | | |*| | | | | | | | | | | | | |*|
 14: | |*| | | | |*|*| | | | | |*|*| |*| |
 13: | | | | | | | | | | |*| | | | | | | |
 12: | | |*|*| | | | | | | | | | |*| | | |
 11: | | | | |*| | | | | | | | | | | | | |
 10: | | | | | | | | | | | | | |*| | | | |
  9: | | | | |*| | | | | | | | | | | | | |
  8: | | | | | | | | | | | | | | | | | | |
  7: | |*| | | | | | | | |*| |*| | | | | |
  6: | | | | | | | | | | | | |*| | | | | |
  5: | |â–˛| | | |â–˛| | | | | | | | | | | | |
  4: | | | | | | | | | |*| | | | | | | | |
  3: | | | | |â–˛| | | | |*| | | | | | | | |
  2: | | | | | | | |*| | | | | | | | | | |
  1: | | | | | | | | | | | | | | | | | | |
  0: |*|*| | | |*| | | | | | | | | | | | |
 -1: -------------------------------------


3 Zwierzak idzie do przodu
 y\x  0 1 2 3 4 5 6 7 8 91011121314151617
 18: -------------------------------------
 17: | | | |*| | | | | |*| | | | | | | | |
 16: | | | |*|*| | | | | |*| | | | | | | |
 15: | | | |*| | | | | | | | | | | | | |*|
 14: | |*| | | | |*|*| | | | | |*|*| |*| |
 13: | | | | | | | | | | |*| | | | | | | |
 12: | | |*|*| | | | | | | | | | |*| | | |
 11: | | | | |*| | | | | | | | | | | | | |
 10: | | | | | | | | | | | | | |*| | | | |
  9: | | | | |*| | | | | | | | | | | | | |
  8: | | | | | | | | | | | | | | | | | | |
  7: | |*| | | | | | | | |*| |*| | | | | |
  6: | | | | | |â–˛| | | | | | |*| | | | | |
  5: | |â–˛| | | | | | | | | | | | | | | | |
  4: | | | | | | | | | |*| | | | | | | | |
  3: | | | | |â–˛| | | | |*| | | | | | | | |
  2: | | | | | | | |*| | | | | | | | | | |
  1: | | | | | | | | | | | | | | | | | | |
  0: |*|*| | | |*| | | | | | | | | | | | |
 -1: -------------------------------------


1 Zwierzak idzie do przodu
 y\x  0 1 2 3 4 5 6 7 8 91011121314151617
 18: -------------------------------------
 17: | | | |*| | | | | |*| | | | | | | | |
 16: | | | |*|*| | | | | |*| | | | | | | |
 15: | | | |*| | | | | | | | | | | | | |*|
 14: | |*| | | | |*|*| | | | | |*|*| |*| |
 13: | | | | | | | | | | |*| | | | | | | |
 12: | | |*|*| | | | | | | | | | |*| | | |
 11: | | | | |*| | | | | | | | | | | | | |
 10: | | | | | | | | | | | | | |*| | | | |
  9: | | | | |*| | | | | | | | | | | | | |
  8: | | | | | | | | | | | | | | | | | | |
  7: | |*| | | | | | | | |*| |*| | | | | |
  6: | | | | | |â–˛| | | | | | |*| | | | | |
  5: | |â–˛| | | | | | | | | | | | | | | | |
  4: | | | | |â–˛| | | | |*| | | | | | | | |
  3: | | | | | | | | | |*| | | | | | | | |
  2: | | | | | | | |*| | | | | | | | | | |
  1: | | | | | | | | | | | | | | | | | | |
  0: |*|*| | | |*| | | | | | | | | | | | |
 -1: -------------------------------------


2 Zwierzak skrÄ™ca w prawo
 y\x  0 1 2 3 4 5 6 7 8 91011121314151617
 18: -------------------------------------
 17: | | | |*| | | | | |*| | | | | | | | |
 16: | | | |*|*| | | | | |*| | | | | | | |
 15: | | | |*| | | | | | | | | | | | | |*|
 14: | |*| | | | |*|*| | | | | |*|*| |*| |
 13: | | | | | | | | | | |*| | | | | | | |
 12: | | |*|*| | | | | | | | | | |*| | | |
 11: | | | | |*| | | | | | | | | | | | | |
 10: | | | | | | | | | | | | | |*| | | | |
  9: | | | | |*| | | | | | | | | | | | | |
  8: | | | | | | | | | | | | | | | | | | |
  7: | |*| | | | | | | | |*| |*| | | | | |
  6: | | | | | |â–˛| | | | | | |*| | | | | |
  5: | |â–¶| | | | | | | | | | | | | | | | |
  4: | | | | |â–˛| | | | |*| | | | | | | | |
  3: | | | | | | | | | |*| | | | | | | | |
  2: | | | | | | | |*| | | | | | | | | | |
  1: | | | | | | | | | | | | | | | | | | |
  0: |*|*| | | |*| | | | | | | | | | | | |
 -1: -------------------------------------


3 Zwierzak skrÄ™ca w prawo
 y\x  0 1 2 3 4 5 6 7 8 91011121314151617
 18: -------------------------------------
 17: | | | |*| | | | | |*| | | | | | | | |
 16: | | | |*|*| | | | | |*| | | | | | | |
 15: | | | |*| | | | | | | | | | | | | |*|
 14: | |*| | | | |*|*| | | | | |*|*| |*| |
 13: | | | | | | | | | | |*| | | | | | | |
 12: | | |*|*| | | | | | | | | | |*| | | |
 11: | | | | |*| | | | | | | | | | | | | |
 10: | | | | | | | | | | | | | |*| | | | |
  9: | | | | |*| | | | | | | | | | | | | |
  8: | | | | | | | | | | | | | | | | | | |
  7: | |*| | | | | | | | |*| |*| | | | | |
  6: | | | | | |â–¶| | | | | | |*| | | | | |
  5: | |â–¶| | | | | | | | | | | | | | | | |
  4: | | | | |â–˛| | | | |*| | | | | | | | |
  3: | | | | | | | | | |*| | | | | | | | |
  2: | | | | | | | |*| | | | | | | | | | |
  1: | | | | | | | | | | | | | | | | | | |
  0: |*|*| | | |*| | | | | | | | | | | | |
 -1: -------------------------------------


1 Zwierzak idzie do przodu
 y\x  0 1 2 3 4 5 6 7 8 91011121314151617
 18: -------------------------------------
 17: | | | |*| | | | | |*| | | | | | | | |
 16: | | | |*|*| | | | | |*| | | | | | | |
 15: | | | |*| | | | | | | | | | | | | |*|
 14: | |*| | | | |*|*| | | | | |*|*| |*| |
 13: | | | | | | | | | | |*| | | | | | | |
 12: | | |*|*| | | | | | | | | | |*| | | |
 11: | | | | |*| | | | | | | | | | | | | |
 10: | | | | | | | | | | | | | |*| | | | |
  9: | | | | |*| | | | | | | | | | | | | |
  8: | | | | | | | | | | | | | | | | | | |
  7: | |*| | | | | | | | |*| |*| | | | | |
  6: | | | | | |â–¶| | | | | | |*| | | | | |
  5: | |â–¶| | |â–˛| | | | | | | | | | | | | |
  4: | | | | | | | | | |*| | | | | | | | |
  3: | | | | | | | | | |*| | | | | | | | |
  2: | | | | | | | |*| | | | | | | | | | |
  1: | | | | | | | | | | | | | | | | | | |
  0: |*|*| | | |*| | | | | | | | | | | | |
 -1: -------------------------------------


2 Zwierzak idzie do przodu
 y\x  0 1 2 3 4 5 6 7 8 91011121314151617
 18: -------------------------------------
 17: | | | |*| | | | | |*| | | | | | | | |
 16: | | | |*|*| | | | | |*| | | | | | | |
 15: | | | |*| | | | | | | | | | | | | |*|
 14: | |*| | | | |*|*| | | | | |*|*| |*| |
 13: | | | | | | | | | | |*| | | | | | | |
 12: | | |*|*| | | | | | | | | | |*| | | |
 11: | | | | |*| | | | | | | | | | | | | |
 10: | | | | | | | | | | | | | |*| | | | |
  9: | | | | |*| | | | | | | | | | | | | |
  8: | | | | | | | | | | | | | | | | | | |
  7: | |*| | | | | | | | |*| |*| | | | | |
  6: | | | | | |â–¶| | | | | | |*| | | | | |
  5: | | |â–¶| |â–˛| | | | | | | | | | | | | |
  4: | | | | | | | | | |*| | | | | | | | |
  3: | | | | | | | | | |*| | | | | | | | |
  2: | | | | | | | |*| | | | | | | | | | |
  1: | | | | | | | | | | | | | | | | | | |
  0: |*|*| | | |*| | | | | | | | | | | | |
 -1: -------------------------------------


3 Zwierzak idzie do tyĹ‚u
 y\x  0 1 2 3 4 5 6 7 8 91011121314151617
 18: -------------------------------------
 17: | | | |*| | | | | |*| | | | | | | | |
 16: | | | |*|*| | | | | |*| | | | | | | |
 15: | | | |*| | | | | | | | | | | | | |*|
 14: | |*| | | | |*|*| | | | | |*|*| |*| |
 13: | | | | | | | | | | |*| | | | | | | |
 12: | | |*|*| | | | | | | | | | |*| | | |
 11: | | | | |*| | | | | | | | | | | | | |
 10: | | | | | | | | | | | | | |*| | | | |
  9: | | | | |*| | | | | | | | | | | | | |
  8: | | | | | | | | | | | | | | | | | | |
  7: | |*| | | | | | | | |*| |*| | | | | |
  6: | | | | |â–¶| | | | | | | |*| | | | | |
  5: | | |â–¶| |â–˛| | | | | | | | | | | | | |
  4: | | | | | | | | | |*| | | | | | | | |
  3: | | | | | | | | | |*| | | | | | | | |
  2: | | | | | | | |*| | | | | | | | | | |
  1: | | | | | | | | | | | | | | | | | | |
  0: |*|*| | | |*| | | | | | | | | | | | |
 -1: -------------------------------------


1 Zwierzak idzie do przodu
 y\x  0 1 2 3 4 5 6 7 8 91011121314151617
 18: -------------------------------------
 17: | | | |*| | | | | |*| | | | | | | | |
 16: | | | |*|*| | | | | |*| | | | | | | |
 15: | | | |*| | | | | | | | | | | | | |*|
 14: | |*| | | | |*|*| | | | | |*|*| |*| |
 13: | | | | | | | | | | |*| | | | | | | |
 12: | | |*|*| | | | | | | | | | |*| | | |
 11: | | | | |*| | | | | | | | | | | | | |
 10: | | | | | | | | | | | | | |*| | | | |
  9: | | | | |*| | | | | | | | | | | | | |
  8: | | | | | | | | | | | | | | | | | | |
  7: | |*| | | | | | | | |*| |*| | | | | |
  6: | | | | |â–¶| | | | | | | |*| | | | | |
  5: | | |â–¶| |â–˛| | | | | | | | | | | | | |
  4: | | | | | | | | | |*| | | | | | | | |
  3: | | | | | | | | | |*| | | | | | | | |
  2: | | | | | | | |*| | | | | | | | | | |
  1: | | | | | | | | | | | | | | | | | | |
  0: |*|*| | | |*| | | | | | | | | | | | |
 -1: -------------------------------------


2 Zwierzak idzie do przodu
 y\x  0 1 2 3 4 5 6 7 8 91011121314151617
 18: -------------------------------------
 17: | | | |*| | | | | |*| | | | | | | | |
 16: | | | |*|*| | | | | |*| | | | | | | |
 15: | | | |*| | | | | | | | | | | | | |*|
 14: | |*| | | | |*|*| | | | | |*|*| |*| |
 13: | | | | | | | | | | |*| | | | | | | |
 12: | | |*|*| | | | | | | | | | |*| | | |
 11: | | | | |*| | | | | | | | | | | | | |
 10: | | | | | | | | | | | | | |*| | | | |
  9: | | | | |*| | | | | | | | | | | | | |
  8: | | | | | | | | | | | | | | | | | | |
  7: | |*| | | | | | | | |*| |*| | | | | |
  6: | | | | |â–¶| | | | | | | |*| | | | | |
  5: | | | |â–¶|â–˛| | | | | | | | | | | | | |
  4: | | | | | | | | | |*| | | | | | | | |
  3: | | | | | | | | | |*| | | | | | | | |
  2: | | | | | | | |*| | | | | | | | | | |
  1: | | | | | | | | | | | | | | | | | | |
  0: |*|*| | | |*| | | | | | | | | | | | |
 -1: -------------------------------------


3 Zwierzak idzie do tyĹ‚u
 y\x  0 1 2 3 4 5 6 7 8 91011121314151617
 18: -------------------------------------
 17: | | | |*| | | | | |*| | | | | | | | |
 16: | | | |*|*| | | | | |*| | | | | | | |
 15: | | | |*| | | | | | | | | | | | | |*|
 14: | |*| | | | |*|*| | | | | |*|*| |*| |
 13: | | | | | | | | | | |*| | | | | | | |
 12: | | |*|*| | | | | | | | | | |*| | | |
 11: | | | | |*| | | | | | | | | | | | | |
 10: | | | | | | | | | | | | | |*| | | | |
  9: | | | | |*| | | | | | | | | | | | | |
  8: | | | | | | | | | | | | | | | | | | |
  7: | |*| | | | | | | | |*| |*| | | | | |
  6: | | | |â–¶| | | | | | | | |*| | | | | |
  5: | | | |â–¶|â–˛| | | | | | | | | | | | | |
  4: | | | | | | | | | |*| | | | | | | | |
  3: | | | | | | | | | |*| | | | | | | | |
  2: | | | | | | | |*| | | | | | | | | | |
  1: | | | | | | | | | | | | | | | | | | |
  0: |*|*| | | |*| | | | | | | | | | | | |
 -1: -------------------------------------


1 Zwierzak idzie do przodu
 y\x  0 1 2 3 4 5 6 7 8 91011121314151617
 18: -------------------------------------
 17: | | | |*| | | | | |*| | | | | | | | |
 16: | | | |*|*| | | | | |*| | | | | | | |
 15: | | | |*| | | | | | | | | | | | | |*|
 14: | |*| | | | |*|*| | | | | |*|*| |*| |
 13: | | | | | | | | | | |*| | | | | | | |
 12: | | |*|*| | | | | | | | | | |*| | | |
 11: | | | | |*| | | | | | | | | | | | | |
 10: | | | | | | | | | | | | | |*| | | | |
  9: | | | | |*| | | | | | | | | | | | | |
  8: | | | | | | | | | | | | | | | | | | |
  7: | |*| | | | | | | | |*| |*| | | | | |
  6: | | | |â–¶|â–˛| | | | | | | |*| | | | | |
  5: | | | |â–¶| | | | | | | | | | | | | | |
  4: | | | | | | | | | |*| | | | | | | | |
  3: | | | | | | | | | |*| | | | | | | | |
  2: | | | | | | | |*| | | | | | | | | | |
  1: | | | | | | | | | | | | | | | | | | |
  0: |*|*| | | |*| | | | | | | | | | | | |
 -1: -------------------------------------


2 Zwierzak idzie do przodu
 y\x  0 1 2 3 4 5 6 7 8 91011121314151617
 18: -------------------------------------
 17: | | | |*| | | | | |*| | | | | | | | |
 16: | | | |*|*| | | | | |*| | | | | | | |
 15: | | | |*| | | | | | | | | | | | | |*|
 14: | |*| | | | |*|*| | | | | |*|*| |*| |
 13: | | | | | | | | | | |*| | | | | | | |
 12: | | |*|*| | | | | | | | | | |*| | | |
 11: | | | | |*| | | | | | | | | | | | | |
 10: | | | | | | | | | | | | | |*| | | | |
  9: | | | | |*| | | | | | | | | | | | | |
  8: | | | | | | | | | | | | | | | | | | |
  7: | |*| | | | | | | | |*| |*| | | | | |
  6: | | | |â–¶|â–˛| | | | | | | |*| | | | | |
  5: | | | | |â–¶| | | | | | | | | | | | | |
  4: | | | | | | | | | |*| | | | | | | | |
  3: | | | | | | | | | |*| | | | | | | | |
  2: | | | | | | | |*| | | | | | | | | | |
  1: | | | | | | | | | | | | | | | | | | |
  0: |*|*| | | |*| | | | | | | | | | | | |
 -1: -------------------------------------


3 Zwierzak idzie do tyĹ‚u
 y\x  0 1 2 3 4 5 6 7 8 91011121314151617
 18: -------------------------------------
 17: | | | |*| | | | | |*| | | | | | | | |
 16: | | | |*|*| | | | | |*| | | | | | | |
 15: | | | |*| | | | | | | | | | | | | |*|
 14: | |*| | | | |*|*| | | | | |*|*| |*| |
 13: | | | | | | | | | | |*| | | | | | | |
 12: | | |*|*| | | | | | | | | | |*| | | |
 11: | | | | |*| | | | | | | | | | | | | |
 10: | | | | | | | | | | | | | |*| | | | |
  9: | | | | |*| | | | | | | | | | | | | |
  8: | | | | | | | | | | | | | | | | | | |
  7: | |*| | | | | | | | |*| |*| | | | | |
  6: | | |â–¶| |â–˛| | | | | | | |*| | | | | |
  5: | | | | |â–¶| | | | | | | | | | | | | |
  4: | | | | | | | | | |*| | | | | | | | |
  3: | | | | | | | | | |*| | | | | | | | |
  2: | | | | | | | |*| | | | | | | | | | |
  1: | | | | | | | | | | | | | | | | | | |
  0: |*|*| | | |*| | | | | | | | | | | | |
 -1: -------------------------------------


1 Zwierzak idzie do przodu
 y\x  0 1 2 3 4 5 6 7 8 91011121314151617
 18: -------------------------------------
 17: | | | |*| | | | | |*| | | | | | | | |
 16: | | | |*|*| | | | | |*| | | | | | | |
 15: | | | |*| | | | | | | | | | | | | |*|
 14: | |*| | | | |*|*| | | | | |*|*| |*| |
 13: | | | | | | | | | | |*| | | | | | | |
 12: | | |*|*| | | | | | | | | | |*| | | |
 11: | | | | |*| | | | | | | | | | | | | |
 10: | | | | | | | | | | | | | |*| | | | |
  9: | | | | |*| | | | | | | | | | | | | |
  8: | | | | | | | | | | | | | | | | | | |
  7: | |*| | |â–˛| | | | | |*| |*| | | | | |
  6: | | |â–¶| | | | | | | | | |*| | | | | |
  5: | | | | |â–¶| | | | | | | | | | | | | |
  4: | | | | | | | | | |*| | | | | | | | |
  3: | | | | | | | | | |*| | | | | | | | |
  2: | | | | | | | |*| | | | | | | | | | |
  1: | | | | | | | | | | | | | | | | | | |
  0: |*|*| | | |*| | | | | | | | | | | | |
 -1: -------------------------------------


2 Zwierzak idzie do przodu
 y\x  0 1 2 3 4 5 6 7 8 91011121314151617
 18: -------------------------------------
 17: | | | |*| | | | | |*| | | | | | | | |
 16: | | | |*|*| | | | | |*| | | | | | | |
 15: | | | |*| | | | | | | | | | | | | |*|
 14: | |*| | | | |*|*| | | | | |*|*| |*| |
 13: | | | | | | | | | | |*| | | | | | | |
 12: | | |*|*| | | | | | | | | | |*| | | |
 11: | | | | |*| | | | | | | | | | | | | |
 10: | | | | | | | | | | | | | |*| | | | |
  9: | | | | |*| | | | | | | | | | | | | |
  8: | | | | | | | | | | | | | | | | | | |
  7: | |*| | |â–˛| | | | | |*| |*| | | | | |
  6: | | |â–¶| | | | | | | | | |*| | | | | |
  5: | | | | | |â–¶| | | | | | | | | | | | |
  4: | | | | | | | | | |*| | | | | | | | |
  3: | | | | | | | | | |*| | | | | | | | |
  2: | | | | | | | |*| | | | | | | | | | |
  1: | | | | | | | | | | | | | | | | | | |
  0: |*|*| | | |*| | | | | | | | | | | | |
 -1: -------------------------------------


3 Zwierzak idzie do tyĹ‚u
 y\x  0 1 2 3 4 5 6 7 8 91011121314151617
 18: -------------------------------------
 17: | | | |*| | | | | |*| | | | | | | | |
 16: | | | |*|*| | | | | |*| | | | | | | |
 15: | | | |*| | | | | | | | | | | | | |*|
 14: | |*| | | | |*|*| | | | | |*|*| |*| |
 13: | | | | | | | | | | |*| | | | | | | |
 12: | | |*|*| | | | | | | | | | |*| | | |
 11: | | | | |*| | | | | | | | | | | | | |
 10: | | | | | | | | | | | | | |*| | | | |
  9: | | | | |*| | | | | | | | | | | | | |
  8: | | | | | | | | | | | | | | | | | | |
  7: | |*| | |â–˛| | | | | |*| |*| | | | | |
  6: | |â–¶| | | | | | | | | | |*| | | | | |
  5: | | | | | |â–¶| | | | | | | | | | | | |
  4: | | | | | | | | | |*| | | | | | | | |
  3: | | | | | | | | | |*| | | | | | | | |
  2: | | | | | | | |*| | | | | | | | | | |
  1: | | | | | | | | | | | | | | | | | | |
  0: |*|*| | | |*| | | | | | | | | | | | |
 -1: -------------------------------------


1 Zwierzak skrÄ™ca w lewo
 y\x  0 1 2 3 4 5 6 7 8 91011121314151617
 18: -------------------------------------
 17: | | | |*| | | | | |*| | | | | | | | |
 16: | | | |*|*| | | | | |*| | | | | | | |
 15: | | | |*| | | | | | | | | | | | | |*|
 14: | |*| | | | |*|*| | | | | |*|*| |*| |
 13: | | | | | | | | | | |*| | | | | | | |
 12: | | |*|*| | | | | | | | | | |*| | | |
 11: | | | | |*| | | | | | | | | | | | | |
 10: | | | | | | | | | | | | | |*| | | | |
  9: | | | | |*| | | | | | | | | | | | | |
  8: | | | | | | | | | | | | | | | | | | |
  7: | |*| | |â—€| | | | | |*| |*| | | | | |
  6: | |â–¶| | | | | | | | | | |*| | | | | |
  5: | | | | | |â–¶| | | | | | | | | | | | |
  4: | | | | | | | | | |*| | | | | | | | |
  3: | | | | | | | | | |*| | | | | | | | |
  2: | | | | | | | |*| | | | | | | | | | |
  1: | | | | | | | | | | | | | | | | | | |
  0: |*|*| | | |*| | | | | | | | | | | | |
 -1: -------------------------------------


2 Zwierzak skrÄ™ca w prawo
 y\x  0 1 2 3 4 5 6 7 8 91011121314151617
 18: -------------------------------------
 17: | | | |*| | | | | |*| | | | | | | | |
 16: | | | |*|*| | | | | |*| | | | | | | |
 15: | | | |*| | | | | | | | | | | | | |*|
 14: | |*| | | | |*|*| | | | | |*|*| |*| |
 13: | | | | | | | | | | |*| | | | | | | |
 12: | | |*|*| | | | | | | | | | |*| | | |
 11: | | | | |*| | | | | | | | | | | | | |
 10: | | | | | | | | | | | | | |*| | | | |
  9: | | | | |*| | | | | | | | | | | | | |
  8: | | | | | | | | | | | | | | | | | | |
  7: | |*| | |â—€| | | | | |*| |*| | | | | |
  6: | |â–¶| | | | | | | | | | |*| | | | | |
  5: | | | | | |â–Ľ| | | | | | | | | | | | |
  4: | | | | | | | | | |*| | | | | | | | |
  3: | | | | | | | | | |*| | | | | | | | |
  2: | | | | | | | |*| | | | | | | | | | |
  1: | | | | | | | | | | | | | | | | | | |
  0: |*|*| | | |*| | | | | | | | | | | | |
 -1: -------------------------------------


3 Zwierzak skrÄ™ca w lewo
 y\x  0 1 2 3 4 5 6 7 8 91011121314151617
 18: -------------------------------------
 17: | | | |*| | | | | |*| | | | | | | | |
 16: | | | |*|*| | | | | |*| | | | | | | |
 15: | | | |*| | | | | | | | | | | | | |*|
 14: | |*| | | | |*|*| | | | | |*|*| |*| |
 13: | | | | | | | | | | |*| | | | | | | |
 12: | | |*|*| | | | | | | | | | |*| | | |
 11: | | | | |*| | | | | | | | | | | | | |
 10: | | | | | | | | | | | | | |*| | | | |
  9: | | | | |*| | | | | | | | | | | | | |
  8: | | | | | | | | | | | | | | | | | | |
  7: | |*| | |â—€| | | | | |*| |*| | | | | |
  6: | |â–˛| | | | | | | | | | |*| | | | | |
  5: | | | | | |â–Ľ| | | | | | | | | | | | |
  4: | | | | | | | | | |*| | | | | | | | |
  3: | | | | | | | | | |*| | | | | | | | |
  2: | | | | | | | |*| | | | | | | | | | |
  1: | | | | | | | | | | | | | | | | | | |
  0: |*|*| | | |*| | | | | | | | | | | | |
 -1: -------------------------------------


[LEFT, LEFT, FORWARD, FORWARD, FORWARD, FORWARD, FORWARD, FORWARD, RIGHT, FORWARD, FORWARD, FORWARD, FORWARD, FORWARD, FORWARD]
Pozycja startowa
 y\x  0 1 2 3 4 5 6 7 8 91011121314
 14: -------------------------------
 13: | | | |*| | | | | | | | | | | |
 12: | | | | | | | | | | | | | | | |
 11: |*| |*| | | | | | | | | | | | |
 10: |*| | | | | | | | | | | | |*| |
  9: | | | | | | | | | | |*| | | | |
  8: | | | | | | | | | | | | |*| | |
  7: | | | | | | | | | | | | |*| | |
  6: | | | | |*| | | | | | | | | | |
  5: | | | | | | | | |*| | |*| | | |
  4: | | | | | | | | | | | | |*| | |
  3: | | |*| |â–˛| | | | | |*| | | |*|
  2: | | | | |*|*| |*| | | | | | | |
  1: | | | | | | | | | | | | | | | |
  0: | | | | |*| | | | | | | | |*| |
 -1: -------------------------------


1 Zwierzak skrÄ™ca w lewo
 y\x  0 1 2 3 4 5 6 7 8 91011121314
 14: -------------------------------
 13: | | | |*| | | | | | | | | | | |
 12: | | | | | | | | | | | | | | | |
 11: |*| |*| | | | | | | | | | | | |
 10: |*| | | | | | | | | | | | |*| |
  9: | | | | | | | | | | |*| | | | |
  8: | | | | | | | | | | | | |*| | |
  7: | | | | | | | | | | | | |*| | |
  6: | | | | |*| | | | | | | | | | |
  5: | | | | | | | | |*| | |*| | | |
  4: | | | | | | | | | | | | |*| | |
  3: | | |*| |â—€| | | | | |*| | | |*|
  2: | | | | |*|*| |*| | | | | | | |
  1: | | | | | | | | | | | | | | | |
  0: | | | | |*| | | | | | | | |*| |
 -1: -------------------------------


1 Zwierzak skrÄ™ca w lewo
 y\x  0 1 2 3 4 5 6 7 8 91011121314
 14: -------------------------------
 13: | | | |*| | | | | | | | | | | |
 12: | | | | | | | | | | | | | | | |
 11: |*| |*| | | | | | | | | | | | |
 10: |*| | | | | | | | | | | | |*| |
  9: | | | | | | | | | | |*| | | | |
  8: | | | | | | | | | | | | |*| | |
  7: | | | | | | | | | | | | |*| | |
  6: | | | | |*| | | | | | | | | | |
  5: | | | | | | | | |*| | |*| | | |
  4: | | | | | | | | | | | | |*| | |
  3: | | |*| |â–Ľ| | | | | |*| | | |*|
  2: | | | | |*|*| |*| | | | | | | |
  1: | | | | | | | | | | | | | | | |
  0: | | | | |*| | | | | | | | |*| |
 -1: -------------------------------


1 Zwierzak idzie do przodu
Trawa zjedzona na pozycji (4,2)
Nowa trawa wyrosĹ‚a na pozycji (7,5)
 y\x  0 1 2 3 4 5 6 7 8 91011121314
 14: -------------------------------
 13: | | | |*| | | | | | | | | | | |
 12: | | | | | | | | | | | | | | | |
 11: |*| |*| | | | | | | | | | | | |
 10: |*| | | | | | | | | | | | |*| |
  9: | | | | | | | | | | |*| | | | |
  8: | | | | | | | | | | | | |*| | |
  7: | | | | | | | | | | | | |*| | |
  6: | | | | |*| | | | | | | | | | |
  5: | | | | | | | |*|*| | |*| | | |
  4: | | | | | | | | | | | | |*| | |
  3: | | |*| | | | | | | |*| | | |*|
  2: | | | | |â–Ľ|*| |*| | | | | | | |
  1: | | | | | | | | | | | | | | | |
  0: | | | | |*| | | | | | | | |*| |
 -1: -------------------------------


1 Zwierzak idzie do przodu
 y\x  0 1 2 3 4 5 6 7 8 91011121314
 14: -------------------------------
 13: | | | |*| | | | | | | | | | | |
 12: | | | | | | | | | | | | | | | |
 11: |*| |*| | | | | | | | | | | | |
 10: |*| | | | | | | | | | | | |*| |
  9: | | | | | | | | | | |*| | | | |
  8: | | | | | | | | | | | | |*| | |
  7: | | | | | | | | | | | | |*| | |
  6: | | | | |*| | | | | | | | | | |
  5: | | | | | | | |*|*| | |*| | | |
  4: | | | | | | | | | | | | |*| | |
  3: | | |*| | | | | | | |*| | | |*|
  2: | | | | | |*| |*| | | | | | | |
  1: | | | | |â–Ľ| | | | | | | | | | |
  0: | | | | |*| | | | | | | | |*| |
 -1: -------------------------------


1 Zwierzak idzie do przodu
Trawa zjedzona na pozycji (4,0)
Nowa trawa wyrosĹ‚a na pozycji (8,10)
 y\x  0 1 2 3 4 5 6 7 8 91011121314
 14: -------------------------------
 13: | | | |*| | | | | | | | | | | |
 12: | | | | | | | | | | | | | | | |
 11: |*| |*| | | | | | | | | | | | |
 10: |*| | | | | | | |*| | | | |*| |
  9: | | | | | | | | | | |*| | | | |
  8: | | | | | | | | | | | | |*| | |
  7: | | | | | | | | | | | | |*| | |
  6: | | | | |*| | | | | | | | | | |
  5: | | | | | | | |*|*| | |*| | | |
  4: | | | | | | | | | | | | |*| | |
  3: | | |*| | | | | | | |*| | | |*|
  2: | | | | | |*| |*| | | | | | | |
  1: | | | | | | | | | | | | | | | |
  0: | | | | |â–Ľ| | | | | | | | |*| |
 -1: -------------------------------


1 Zwierzak idzie do przodu
 y\x  0 1 2 3 4 5 6 7 8 91011121314
 14: -------------------------------
 13: | | | |*| | | | | | | | | | | |
 12: | | | | | | | | | | | | | | | |
 11: |*| |*| | | | | | | | | | | | |
 10: |*| | | | | | | |*| | | | |*| |
  9: | | | | | | | | | | |*| | | | |
  8: | | | | | | | | | | | | |*| | |
  7: | | | | | | | | | | | | |*| | |
  6: | | | | |*| | | | | | | | | | |
  5: | | | | | | | |*|*| | |*| | | |
  4: | | | | | | | | | | | | |*| | |
  3: | | |*| | | | | | | |*| | | |*|
  2: | | | | | |*| |*| | | | | | | |
  1: | | | | | | | | | | | | | | | |
  0: | | | | | | | | | | | | | |*| |
 -1: | | | | |â–Ľ| | | | | | | | | | |
 -2: -------------------------------


1 Zwierzak idzie do przodu
 y\x  0 1 2 3 4 5 6 7 8 91011121314
 14: -------------------------------
 13: | | | |*| | | | | | | | | | | |
 12: | | | | | | | | | | | | | | | |
 11: |*| |*| | | | | | | | | | | | |
 10: |*| | | | | | | |*| | | | |*| |
  9: | | | | | | | | | | |*| | | | |
  8: | | | | | | | | | | | | |*| | |
  7: | | | | | | | | | | | | |*| | |
  6: | | | | |*| | | | | | | | | | |
  5: | | | | | | | |*|*| | |*| | | |
  4: | | | | | | | | | | | | |*| | |
  3: | | |*| | | | | | | |*| | | |*|
  2: | | | | | |*| |*| | | | | | | |
  1: | | | | | | | | | | | | | | | |
  0: | | | | | | | | | | | | | |*| |
 -1: | | | | | | | | | | | | | | | |
 -2: | | | | |â–Ľ| | | | | | | | | | |
 -3: -------------------------------


1 Zwierzak idzie do przodu
 y\x  0 1 2 3 4 5 6 7 8 91011121314
 14: -------------------------------
 13: | | | |*| | | | | | | | | | | |
 12: | | | | | | | | | | | | | | | |
 11: |*| |*| | | | | | | | | | | | |
 10: |*| | | | | | | |*| | | | |*| |
  9: | | | | | | | | | | |*| | | | |
  8: | | | | | | | | | | | | |*| | |
  7: | | | | | | | | | | | | |*| | |
  6: | | | | |*| | | | | | | | | | |
  5: | | | | | | | |*|*| | |*| | | |
  4: | | | | | | | | | | | | |*| | |
  3: | | |*| | | | | | | |*| | | |*|
  2: | | | | | |*| |*| | | | | | | |
  1: | | | | | | | | | | | | | | | |
  0: | | | | | | | | | | | | | |*| |
 -1: | | | | | | | | | | | | | | | |
 -2: | | | | | | | | | | | | | | | |
 -3: | | | | |â–Ľ| | | | | | | | | | |
 -4: -------------------------------


1 Zwierzak skrÄ™ca w prawo
 y\x  0 1 2 3 4 5 6 7 8 91011121314
 14: -------------------------------
 13: | | | |*| | | | | | | | | | | |
 12: | | | | | | | | | | | | | | | |
 11: |*| |*| | | | | | | | | | | | |
 10: |*| | | | | | | |*| | | | |*| |
  9: | | | | | | | | | | |*| | | | |
  8: | | | | | | | | | | | | |*| | |
  7: | | | | | | | | | | | | |*| | |
  6: | | | | |*| | | | | | | | | | |
  5: | | | | | | | |*|*| | |*| | | |
  4: | | | | | | | | | | | | |*| | |
  3: | | |*| | | | | | | |*| | | |*|
  2: | | | | | |*| |*| | | | | | | |
  1: | | | | | | | | | | | | | | | |
  0: | | | | | | | | | | | | | |*| |
 -1: | | | | | | | | | | | | | | | |
 -2: | | | | | | | | | | | | | | | |
 -3: | | | | |â—€| | | | | | | | | | |
 -4: -------------------------------


1 Zwierzak idzie do przodu
 y\x  0 1 2 3 4 5 6 7 8 91011121314
 14: -------------------------------
 13: | | | |*| | | | | | | | | | | |
 12: | | | | | | | | | | | | | | | |
 11: |*| |*| | | | | | | | | | | | |
 10: |*| | | | | | | |*| | | | |*| |
  9: | | | | | | | | | | |*| | | | |
  8: | | | | | | | | | | | | |*| | |
  7: | | | | | | | | | | | | |*| | |
  6: | | | | |*| | | | | | | | | | |
  5: | | | | | | | |*|*| | |*| | | |
  4: | | | | | | | | | | | | |*| | |
  3: | | |*| | | | | | | |*| | | |*|
  2: | | | | | |*| |*| | | | | | | |
  1: | | | | | | | | | | | | | | | |
  0: | | | | | | | | | | | | | |*| |
 -1: | | | | | | | | | | | | | | | |
 -2: | | | | | | | | | | | | | | | |
 -3: | | | |â—€| | | | | | | | | | | |
 -4: -------------------------------


1 Zwierzak idzie do przodu
 y\x  0 1 2 3 4 5 6 7 8 91011121314
 14: -------------------------------
 13: | | | |*| | | | | | | | | | | |
 12: | | | | | | | | | | | | | | | |
 11: |*| |*| | | | | | | | | | | | |
 10: |*| | | | | | | |*| | | | |*| |
  9: | | | | | | | | | | |*| | | | |
  8: | | | | | | | | | | | | |*| | |
  7: | | | | | | | | | | | | |*| | |
  6: | | | | |*| | | | | | | | | | |
  5: | | | | | | | |*|*| | |*| | | |
  4: | | | | | | | | | | | | |*| | |
  3: | | |*| | | | | | | |*| | | |*|
  2: | | | | | |*| |*| | | | | | | |
  1: | | | | | | | | | | | | | | | |
  0: | | | | | | | | | | | | | |*| |
 -1: | | | | | | | | | | | | | | | |
 -2: | | | | | | | | | | | | | | | |
 -3: | | |â—€| | | | | | | | | | | | |
 -4: -------------------------------


1 Zwierzak idzie do przodu
 y\x  0 1 2 3 4 5 6 7 8 91011121314
 14: -------------------------------
 13: | | | |*| | | | | | | | | | | |
 12: | | | | | | | | | | | | | | | |
 11: |*| |*| | | | | | | | | | | | |
 10: |*| | | | | | | |*| | | | |*| |
  9: | | | | | | | | | | |*| | | | |
  8: | | | | | | | | | | | | |*| | |
  7: | | | | | | | | | | | | |*| | |
  6: | | | | |*| | | | | | | | | | |
  5: | | | | | | | |*|*| | |*| | | |
  4: | | | | | | | | | | | | |*| | |
  3: | | |*| | | | | | | |*| | | |*|
  2: | | | | | |*| |*| | | | | | | |
  1: | | | | | | | | | | | | | | | |
  0: | | | | | | | | | | | | | |*| |
 -1: | | | | | | | | | | | | | | | |
 -2: | | | | | | | | | | | | | | | |
 -3: | |â—€| | | | | | | | | | | | | |
 -4: -------------------------------


1 Zwierzak idzie do przodu
 y\x  0 1 2 3 4 5 6 7 8 91011121314
 14: -------------------------------
 13: | | | |*| | | | | | | | | | | |
 12: | | | | | | | | | | | | | | | |
 11: |*| |*| | | | | | | | | | | | |
 10: |*| | | | | | | |*| | | | |*| |
  9: | | | | | | | | | | |*| | | | |
  8: | | | | | | | | | | | | |*| | |
  7: | | | | | | | | | | | | |*| | |
  6: | | | | |*| | | | | | | | | | |
  5: | | | | | | | |*|*| | |*| | | |
  4: | | | | | | | | | | | | |*| | |
  3: | | |*| | | | | | | |*| | | |*|
  2: | | | | | |*| |*| | | | | | | |
  1: | | | | | | | | | | | | | | | |
  0: | | | | | | | | | | | | | |*| |
 -1: | | | | | | | | | | | | | | | |
 -2: | | | | | | | | | | | | | | | |
 -3: |â—€| | | | | | | | | | | | | | |
 -4: -------------------------------


1 Zwierzak idzie do przodu
 y\x -1 0 1 2 3 4 5 6 7 8 91011121314
 14: ---------------------------------
 13: | | | | |*| | | | | | | | | | | |
 12: | | | | | | | | | | | | | | | | |
 11: | |*| |*| | | | | | | | | | | | |
 10: | |*| | | | | | | |*| | | | |*| |
  9: | | | | | | | | | | | |*| | | | |
  8: | | | | | | | | | | | | | |*| | |
  7: | | | | | | | | | | | | | |*| | |
  6: | | | | | |*| | | | | | | | | | |
  5: | | | | | | | | |*|*| | |*| | | |
  4: | | | | | | | | | | | | | |*| | |
  3: | | | |*| | | | | | | |*| | | |*|
  2: | | | | | | |*| |*| | | | | | | |
  1: | | | | | | | | | | | | | | | | |
  0: | | | | | | | | | | | | | | |*| |
 -1: | | | | | | | | | | | | | | | | |
 -2: | | | | | | | | | | | | | | | | |
 -3: |â—€| | | | | | | | | | | | | | | |
 -4: ---------------------------------


1 Zwierzak idzie do przodu
 y\x -2-1 0 1 2 3 4 5 6 7 8 91011121314
 14: -----------------------------------
 13: | | | | | |*| | | | | | | | | | | |
 12: | | | | | | | | | | | | | | | | | |
 11: | | |*| |*| | | | | | | | | | | | |
 10: | | |*| | | | | | | |*| | | | |*| |
  9: | | | | | | | | | | | | |*| | | | |
  8: | | | | | | | | | | | | | | |*| | |
  7: | | | | | | | | | | | | | | |*| | |
  6: | | | | | | |*| | | | | | | | | | |
  5: | | | | | | | | | |*|*| | |*| | | |
  4: | | | | | | | | | | | | | | |*| | |
  3: | | | | |*| | | | | | | |*| | | |*|
  2: | | | | | | | |*| |*| | | | | | | |
  1: | | | | | | | | | | | | | | | | | |
  0: | | | | | | | | | | | | | | | |*| |
 -1: | | | | | | | | | | | | | | | | | |
 -2: | | | | | | | | | | | | | | | | | |
 -3: |â—€| | | | | | | | | | | | | | | | |
 -4: -----------------------------------


[FORWARD, BACKWARD, RIGHT, LEFT, FORWARD, FORWARD, RIGHT, RIGHT, FORWARD, FORWARD, FORWARD, FORWARD, FORWARD, FORWARD, FORWARD, FORWARD]
Pozycja startowa
 y\x  0 1 2 3 4 5 6 7 8 910
  6: -----------------------
  5: | | | | | | | | | | | |
  4: | | | |â–˛| | | | | | | |
  3: | | | | | | | | | | | |
  2: | | |â–˛| | | | | | | | |
  1: | | | | | | | | | | | |
  0: | | | | | | | | | | | |
 -1: -----------------------


1 Zwierzak idzie do przodu
 y\x  0 1 2 3 4 5 6 7 8 910
  6: -----------------------
  5: | | | | | | | | | | | |
  4: | | | |â–˛| | | | | | | |
  3: | | |â–˛| | | | | | | | |
  2: | | | | | | | | | | | |
  1: | | | | | | | | | | | |
  0: | | | | | | | | | | | |
 -1: -----------------------


2 Zwierzak idzie do tyĹ‚u
 y\x  0 1 2 3 4 5 6 7 8 910
  6: -----------------------
  5: | | | | | | | | | | | |
  4: | | | | | | | | | | | |
  3: | | |â–˛|â–˛| | | | | | | |
  2: | | | | | | | | | | | |
  1: | | | | | | | | | | | |
  0: | | | | | | | | | | | |
 -1: -----------------------


1 Zwierzak skrÄ™ca w prawo
 y\x  0 1 2 3 4 5 6 7 8 910
  6: -----------------------
  5: | | | | | | | | | | | |
  4: | | | | | | | | | | | |
  3: | | |â–¶|â–˛| | | | | | | |
  2: | | | | | | | | | | | |
  1: | | | | | | | | | | | |
  0: | | | | | | | | | | | |
 -1: -----------------------


2 Zwierzak skrÄ™ca w lewo
 y\x  0 1 2 3 4 5 6 7 8 910
  6: -----------------------
  5: | | | | | | | | | | | |
  4: | | | | | | | | | | | |
  3: | | |â–¶|â—€| | | | | | | |
  2: | | | | | | | | | | | |
  1: | | | | | | | | | | | |
  0: | | | | | | | | | | | |
 -1: -----------------------


1 Zwierzak idzie do przodu
 y\x  0 1 2 3 4 5 6 7 8 910
  6: -----------------------
  5: | | | | | | | | | | | |
  4: | | | | | | | | | | | |
  3: | | |â–¶|â—€| | | | | | | |
  2: | | | | | | | | | | | |
  1: | | | | | | | | | | | |
  0: | | | | | | | | | | | |
 -1: -----------------------


2 Zwierzak idzie do przodu
 y\x  0 1 2 3 4 5 6 7 8 910
  6: -----------------------
  5: | | | | | | | | | | | |
  4: | | | | | | | | | | | |
  3: | | |â–¶|â—€| | | | | | | |
  2: | | | | | | | | | | | |
  1: | | | | | | | | | | | |
  0: | | | | | | | | | | | |
 -1: -----------------------


1 Zwierzak skrÄ™ca w prawo
 y\x  0 1 2 3 4 5 6 7 8 910
  6: -----------------------
  5: | | | | | | | | | | | |
  4: | | | | | | | | | | | |
  3: | | |â–Ľ|â—€| | | | | | | |
  2: | | | | | | | | | | | |
  1: | | | | | | | | | | | |
  0: | | | | | | | | | | | |
 -1: -----------------------


2 Zwierzak skrÄ™ca w prawo
 y\x  0 1 2 3 4 5 6 7 8 910
  6: -----------------------
  5: | | | | | | | | | | | |
  4: | | | | | | | | | | | |
  3: | | |â–Ľ|â–˛| | | | | | | |
  2: | | | | | | | | | | | |
  1: | | | | | | | | | | | |
  0: | | | | | | | | | | | |
 -1: -----------------------


1 Zwierzak idzie do przodu
 y\x  0 1 2 3 4 5 6 7 8 910
  6: -----------------------
  5: | | | | | | | | | | | |
  4: | | | | | | | | | | | |
  3: | | | |â–˛| | | | | | | |
  2: | | |â–Ľ| | | | | | | | |
  1: | | | | | | | | | | | |
  0: | | | | | | | | | | | |
 -1: -----------------------


2 Zwierzak idzie do przodu
 y\x  0 1 2 3 4 5 6 7 8 910
  6: -----------------------
  5: | | | | | | | | | | | |
  4: | | | |â–˛| | | | | | | |
  3: | | | | | | | | | | | |
  2: | | |â–Ľ| | | | | | | | |
  1: | | | | | | | | | | | |
  0: | | | | | | | | | | | |
 -1: -----------------------


1 Zwierzak idzie do przodu
 y\x  0 1 2 3 4 5 6 7 8 910
  6: -----------------------
  5: | | | | | | | | | | | |
  4: | | | |â–˛| | | | | | | |
  3: | | | | | | | | | | | |
  2: | | | | | | | | | | | |
  1: | | |â–Ľ| | | | | | | | |
  0: | | | | | | | | | | | |
 -1: -----------------------


2 Zwierzak idzie do przodu
 y\x  0 1 2 3 4 5 6 7 8 910
  6: -----------------------
  5: | | | |â–˛| | | | | | | |
  4: | | | | | | | | | | | |
  3: | | | | | | | | | | | |
  2: | | | | | | | | | | | |
  1: | | |â–Ľ| | | | | | | | |
  0: | | | | | | | | | | | |
 -1: -----------------------


1 Zwierzak idzie do przodu
 y\x  0 1 2 3 4 5 6 7 8 910
  6: -----------------------
  5: | | | |â–˛| | | | | | | |
  4: | | | | | | | | | | | |
  3: | | | | | | | | | | | |
  2: | | | | | | | | | | | |
  1: | | | | | | | | | | | |
  0: | | |â–Ľ| | | | | | | | |
 -1: -----------------------


2 Zwierzak idzie do przodu
 y\x  0 1 2 3 4 5 6 7 8 910
  6: -----------------------
  5: | | | |â–˛| | | | | | | |
  4: | | | | | | | | | | | |
  3: | | | | | | | | | | | |
  2: | | | | | | | | | | | |
  1: | | | | | | | | | | | |
  0: | | |â–Ľ| | | | | | | | |
 -1: -----------------------


1 Zwierzak idzie do przodu
 y\x  0 1 2 3 4 5 6 7 8 910
  6: -----------------------
  5: | | | |â–˛| | | | | | | |
  4: | | | | | | | | | | | |
  3: | | | | | | | | | | | |
  2: | | | | | | | | | | | |
  1: | | | | | | | | | | | |
  0: | | |â–Ľ| | | | | | | | |
 -1: -----------------------


2 Zwierzak idzie do przodu
 y\x  0 1 2 3 4 5 6 7 8 910
  6: -----------------------
  5: | | | |â–˛| | | | | | | |
  4: | | | | | | | | | | | |
  3: | | | | | | | | | | | |
  2: | | | | | | | | | | | |
  1: | | | | | | | | | | | |
  0: | | |â–Ľ| | | | | | | | |
 -1: -----------------------


[FORWARD, FORWARD, FORWARD, FORWARD, RIGHT, RIGHT, FORWARD, FORWARD, BACKWARD, FORWARD, FORWARD, BACKWARD, FORWARD, FORWARD, BACKWARD, FORWARD, FORWARD, BACKWARD, LEFT, RIGHT, LEFT]
Pozycja startowa
 y\x  0 1 2 3 4 5
  6: -------------
  5: | | | | | |â–˛|
  4: | |â–˛| | | | |
  3: | | | | | | |
  2: | | | | |â–˛| |
  1: | | | | | | |
  0: | | | | | | |
 -1: -------------


1 Zwierzak idzie do przodu
 y\x  0 1 2 3 4 5
  6: -------------
  5: | | | | | |â–˛|
  4: | |â–˛| | | | |
  3: | | | | |â–˛| |
  2: | | | | | | |
  1: | | | | | | |
  0: | | | | | | |
 -1: -------------


2 Zwierzak idzie do przodu
 y\x  0 1 2 3 4 5
  6: -------------
  5: | |â–˛| | | |â–˛|
  4: | | | | | | |
  3: | | | | |â–˛| |
  2: | | | | | | |
  1: | | | | | | |
  0: | | | | | | |
 -1: -------------


3 Zwierzak idzie do przodu
 y\x  0 1 2 3 4 5
  6: -------------
  5: | |â–˛| | | |â–˛|
  4: | | | | | | |
  3: | | | | |â–˛| |
  2: | | | | | | |
  1: | | | | | | |
  0: | | | | | | |
 -1: -------------


1 Zwierzak idzie do przodu
 y\x  0 1 2 3 4 5
  6: -------------
  5: | |â–˛| | | |â–˛|
  4: | | | | |â–˛| |
  3: | | | | | | |
  2: | | | | | | |
  1: | | | | | | |
  0: | | | | | | |
 -1: -------------


2 Zwierzak skrÄ™ca w prawo
 y\x  0 1 2 3 4 5
  6: -------------
  5: | |â–¶| | | |â–˛|
  4: | | | | |â–˛| |
  3: | | | | | | |
  2: | | | | | | |
  1: | | | | | | |
  0: | | | | | | |
 -1: -------------


3 Zwierzak skrÄ™ca w prawo
 y\x  0 1 2 3 4 5
  6: -------------
  5: | |â–¶| | | |â–¶|
  4: | | | | |â–˛| |
  3: | | | | | | |
  2: | | | | | | |
  1: | | | | | | |
  0: | | | | | | |
 -1: -------------


1 Zwierzak idzie do przodu
 y\x  0 1 2 3 4 5
  6: -------------
  5: | |â–¶| | |â–˛|â–¶|
  4: | | | | | | |
  3: | | | | | | |
  2: | | | | | | |
  1: | | | | | | |
  0: | | | | | | |
 -1: -------------


2 Zwierzak idzie do przodu
 y\x  0 1 2 3 4 5
  6: -------------
  5: | | |â–¶| |â–˛|â–¶|
  4: | | | | | | |
  3: | | | | | | |
  2: | | | | | | |
  1: | | | | | | |
  0: | | | | | | |
 -1: -------------


3 Zwierzak idzie do tyĹ‚u
 y\x  0 1 2 3 4 5
  6: -------------
  5: | | |â–¶| |â–˛|â–¶|
  4: | | | | | | |
  3: | | | | | | |
  2: | | | | | | |
  1: | | | | | | |
  0: | | | | | | |
 -1: -------------


1 Zwierzak idzie do przodu
 y\x  0 1 2 3 4 5
  6: -------------
  5: | | |â–¶| |â–˛|â–¶|
  4: | | | | | | |
  3: | | | | | | |
  2: | | | | | | |
  1: | | | | | | |
  0: | | | | | | |
 -1: -------------


2 Zwierzak idzie do przodu
 y\x  0 1 2 3 4 5
  6: -------------
  5: | | | |â–¶|â–˛|â–¶|
  4: | | | | | | |
  3: | | | | | | |
  2: | | | | | | |
  1: | | | | | | |
  0: | | | | | | |
 -1: -------------


3 Zwierzak idzie do tyĹ‚u
 y\x  0 1 2 3 4 5
  6: -------------
  5: | | | |â–¶|â–˛|â–¶|
  4: | | | | | | |
  3: | | | | | | |
  2: | | | | | | |
  1: | | | | | | |
  0: | | | | | | |
 -1: -------------


1 Zwierzak idzie do przodu
 y\x  0 1 2 3 4 5
  6: -------------
  5: | | | |â–¶|â–˛|â–¶|
  4: | | | | | | |
  3: | | | | | | |
  2: | | | | | | |
  1: | | | | | | |
  0: | | | | | | |
 -1: -------------


2 Zwierzak idzie do przodu
 y\x  0 1 2 3 4 5
  6: -------------
  5: | | | |â–¶|â–˛|â–¶|
  4: | | | | | | |
  3: | | | | | | |
  2: | | | | | | |
  1: | | | | | | |
  0: | | | | | | |
 -1: -------------


3 Zwierzak idzie do tyĹ‚u
 y\x  0 1 2 3 4 5
  6: -------------
  5: | | | |â–¶|â–˛|â–¶|
  4: | | | | | | |
  3: | | | | | | |
  2: | | | | | | |
  1: | | | | | | |
  0: | | | | | | |
 -1: -------------


1 Zwierzak idzie do przodu
 y\x  0 1 2 3 4 5
  6: -------------
  5: | | | |â–¶|â–˛|â–¶|
  4: | | | | | | |
  3: | | | | | | |
  2: | | | | | | |
  1: | | | | | | |
  0: | | | | | | |
 -1: -------------


2 Zwierzak idzie do przodu
 y\x  0 1 2 3 4 5
  6: -------------
  5: | | | |â–¶|â–˛|â–¶|
  4: | | | | | | |
  3: | | | | | | |
  2: | | | | | | |
  1: | | | | | | |
  0: | | | | | | |
 -1: -------------


3 Zwierzak idzie do tyĹ‚u
 y\x  0 1 2 3 4 5
  6: -------------
  5: | | | |â–¶|â–˛|â–¶|
  4: | | | | | | |
  3: | | | | | | |
  2: | | | | | | |
  1: | | | | | | |
  0: | | | | | | |
 -1: -------------


1 Zwierzak skrÄ™ca w lewo
 y\x  0 1 2 3 4 5
  6: -------------
  5: | | | |â–¶|â—€|â–¶|
  4: | | | | | | |
  3: | | | | | | |
  2: | | | | | | |
  1: | | | | | | |
  0: | | | | | | |
 -1: -------------


2 Zwierzak skrÄ™ca w prawo
 y\x  0 1 2 3 4 5
  6: -------------
  5: | | | |â–Ľ|â—€|â–¶|
  4: | | | | | | |
  3: | | | | | | |
  2: | | | | | | |
  1: | | | | | | |
  0: | | | | | | |
 -1: -------------


3 Zwierzak skrÄ™ca w lewo
 y\x  0 1 2 3 4 5
  6: -------------
  5: | | | |â–Ľ|â—€|â–˛|
  4: | | | | | | |
  3: | | | | | | |
  2: | | | | | | |
  1: | | | | | | |
  0: | | | | | | |
 -1: -------------


[LEFT, LEFT, FORWARD, FORWARD, FORWARD, FORWARD, FORWARD, FORWARD, RIGHT, FORWARD, FORWARD, FORWARD, FORWARD, FORWARD, FORWARD]
Pozycja startowa
 y\x  0 1 2 3 4
  5: -----------
  4: | | | | | |
  3: | | | | |â–˛|
  2: | | | | | |
  1: | | | | | |
  0: | | | | | |
 -1: -----------


1 Zwierzak skrÄ™ca w lewo
 y\x  0 1 2 3 4
  5: -----------
  4: | | | | | |
  3: | | | | |â—€|
  2: | | | | | |
  1: | | | | | |
  0: | | | | | |
 -1: -----------


1 Zwierzak skrÄ™ca w lewo
 y\x  0 1 2 3 4
  5: -----------
  4: | | | | | |
  3: | | | | |â–Ľ|
  2: | | | | | |
  1: | | | | | |
  0: | | | | | |
 -1: -----------


1 Zwierzak idzie do przodu
 y\x  0 1 2 3 4
  5: -----------
  4: | | | | | |
  3: | | | | | |
  2: | | | | |â–Ľ|
  1: | | | | | |
  0: | | | | | |
 -1: -----------


1 Zwierzak idzie do przodu
 y\x  0 1 2 3 4
  5: -----------
  4: | | | | | |
  3: | | | | | |
  2: | | | | | |
  1: | | | | |â–Ľ|
  0: | | | | | |
 -1: -----------


1 Zwierzak idzie do przodu
 y\x  0 1 2 3 4
  5: -----------
  4: | | | | | |
  3: | | | | | |
  2: | | | | | |
  1: | | | | | |
  0: | | | | |â–Ľ|
 -1: -----------


1 Zwierzak idzie do przodu
 y\x  0 1 2 3 4
  5: -----------
  4: | | | | | |
  3: | | | | | |
  2: | | | | | |
  1: | | | | | |
  0: | | | | |â–Ľ|
 -1: -----------


1 Zwierzak idzie do przodu
 y\x  0 1 2 3 4
  5: -----------
  4: | | | | | |
  3: | | | | | |
  2: | | | | | |
  1: | | | | | |
  0: | | | | |â–Ľ|
 -1: -----------


1 Zwierzak idzie do przodu
 y\x  0 1 2 3 4
  5: -----------
  4: | | | | | |
  3: | | | | | |
  2: | | | | | |
  1: | | | | | |
  0: | | | | |â–Ľ|
 -1: -----------


1 Zwierzak skrÄ™ca w prawo
 y\x  0 1 2 3 4
  5: -----------
  4: | | | | | |
  3: | | | | | |
  2: | | | | | |
  1: | | | | | |
  0: | | | | |â—€|
 -1: -----------


1 Zwierzak idzie do przodu
 y\x  0 1 2 3 4
  5: -----------
  4: | | | | | |
  3: | | | | | |
  2: | | | | | |
  1: | | | | | |
  0: | | | |â—€| |
 -1: -----------


1 Zwierzak idzie do przodu
 y\x  0 1 2 3 4
  5: -----------
  4: | | | | | |
  3: | | | | | |
  2: | | | | | |
  1: | | | | | |
  0: | | |â—€| | |
 -1: -----------


1 Zwierzak idzie do przodu
 y\x  0 1 2 3 4
  5: -----------
  4: | | | | | |
  3: | | | | | |
  2: | | | | | |
  1: | | | | | |
  0: | |â—€| | | |
 -1: -----------


1 Zwierzak idzie do przodu
 y\x  0 1 2 3 4
  5: -----------
  4: | | | | | |
  3: | | | | | |
  2: | | | | | |
  1: | | | | | |
  0: |â—€| | | | |
 -1: -----------


1 Zwierzak idzie do przodu
 y\x  0 1 2 3 4
  5: -----------
  4: | | | | | |
  3: | | | | | |
  2: | | | | | |
  1: | | | | | |
  0: |â—€| | | | |
 -1: -----------


1 Zwierzak idzie do przodu
 y\x  0 1 2 3 4
  5: -----------
  4: | | | | | |
  3: | | | | | |
  2: | | | | | |
  1: | | | | | |
  0: |â—€| | | | |
 -1: -----------


]]></system-out>
  <system-err><![CDATA[]]></system-err>
</testsuite>
